1. Royal Kabab Express

======================================================
2. Taketomi Village Hakka & Chinese Cuisine

======================================================
3. Fritou Chicken and Pizza

======================================================
4. Yum Yum BBQ & Chicken

======================================================
5. O/A California Thai

======================================================
6. Uptown Pizza

======================================================
7. Salam Grocery and Halal Meat

======================================================
8. Mughals Restaurent

======================================================
9. Amir Halal Meats & Grocery

======================================================
10. Cedars Deli

======================================================
11. Jubba Express Foods

======================================================
12. Gandour Halal Meats

======================================================
13. Adam Halal Meats

======================================================
14. Bangla Bazaar

======================================================
15. Ralia Halal Meat & Foods Store

======================================================
16. Mann Bros Meat Shop

======================================================
17. Shawarma Knight

======================================================
18. Shalimar Cuisine

======================================================
19. Lahore Foods & Halal Meat

======================================================
20. Sunrise Spices & Halal Meat

======================================================
21. Wattan Grocery & Halal Meat

======================================================
22. Canadian Pizza Unlimited

======================================================
23. Sunrise Spices & Halal Meat

======================================================
24. Sunrise Spices & Halal Meat

======================================================
25. A1 Produce & Grocery & Halal Meat

======================================================
26. Paradise Grocery & Halal Meat - Temp. CLOSED

======================================================

Restaurants removed (not valid):  26
Total restaurants part of this set:  103

TOTAL ITEMS PROCESSED: 77
