1. Westgate Halal Meat & Deli

======================================================
2. Popeyes Louisiana Chicken

======================================================
3. Hajar’s Halal Meats

======================================================
4. Sahabah Restaurant

======================================================
5. Millwoods Grocery & Halal Meat

======================================================
6. Cafe Levi

======================================================
7. Taste of Mediterranean

======================================================
8. Adams Convenience & Halal Meats

======================================================
9. Paradise Halal Meat Market

======================================================

Restaurants removed (not valid):  9
Total restaurants part of this set:  75

TOTAL ITEMS PROCESSED: 66
