1. Crusty Crust

======================================================
2. Le Petit Istanbul

======================================================
3. Chez Fourna

======================================================
4. Marché Ferdous

======================================================
5. Crusty Crust

======================================================
6. Rumi

======================================================
7. Boucherie Abu Elias

======================================================
8. Altaïb

======================================================
9. Shawarmaz

======================================================
10. Farhat

======================================================
11. L’Afghan Grillade

======================================================
12. Al Taib Grill

======================================================
13. Restaurant Sara

======================================================
14. Marche Al Amana

======================================================
15. Buffet Casa Corfu

======================================================
16. Vaï Burger

======================================================
17. Restaurant Biryani

======================================================
18. Basha Restaurants

======================================================
19. Provisions 1268

======================================================
20. Pizza Pizza

======================================================
21. Pizza Bella

======================================================
22. Marché Noor

======================================================
23. Qing Hua

======================================================
24. Amir

======================================================
25. Restaurant Pita Burger

======================================================
26. Cocono’s Gourmandises

======================================================
27. Boulangerie Arouch

======================================================
28. Atyab Akllé

======================================================
29. Pot De Luzy

======================================================
30. Boucherie Epicerie Halal

======================================================
31. Boucherie Halal Magheb

======================================================
32. Presse Cafe Quartier Dix 30

======================================================
33. Boucherie Halal Du Maghreb Cote Des Neiges

======================================================
34. Oineg Kosher

======================================================
35. Village Des Saveurs Halal

======================================================

Restaurants removed (not valid):  35
Total restaurants part of this set:  166

TOTAL ITEMS PROCESSED: 131
