1. Al Noor Bakery Halal

======================================================
2. Pili Pili

======================================================
3. Matar Kabob House

======================================================
4. Shawarma Shish

======================================================
5. Casablanca Halal Supermarket

======================================================
6. Al Jazeerah Food and Meat Market

======================================================
7. Poulet Rouge

======================================================
8. Zam Zam

======================================================
9. Food Basics

======================================================
10. Damas Supermarket

======================================================
11. Mia’s Indian Cuisine

======================================================
12. Yaseen Halal Pizza & Bakery

======================================================
13. 1 For 1 Pizza

======================================================

Restaurants removed (not valid):  13
Total restaurants part of this set:  87

TOTAL ITEMS PROCESSED: 74
