1. Sheherzade Persian Grill And Dizi

======================================================
2. The Burgernator

======================================================
3. Tabule Restaurant

======================================================
4. Chamsine Halal Kitchen Dundas Street East

======================================================
5. Zaytoun Kitchen

======================================================
6. Gharoa Restaurant

======================================================
7. Bamiyan Kabob

======================================================
8. Amin Foodmart Halal Meat Afghan Bakery

======================================================
9. Kabul Kabab House

======================================================
10. Hamdi Restaurant

======================================================
11. Paramount Middle Eastern Kitchen

======================================================
12. Top Gun Burgers

======================================================
13. Jatujak

======================================================
14. Hakka Legend Asian Cuisine

======================================================
15. EAT BKK Thai Kitchen

======================================================
16. Aish Tanoor

======================================================
17. Lageez

======================================================
18. Mabu Generation

======================================================
19. Randy’s Roti & Doubles

======================================================
20. Lahore Grill & Fast Food

======================================================
21. Ziggy’s Middle Eastern & Vegetarian Foods

======================================================
22. Naan and Kabob

======================================================
23. Hakka Garden Chinese Restaurant

======================================================
24. The Blue Chip Truck

======================================================
25. Chandni Chowk Restaurant

======================================================
26. Meat and Pie Co.

======================================================
27. Spicy Aroma

======================================================
28. Rasa

======================================================
29. Medieval Times Toronto

======================================================
30. Bar Reyna

======================================================
31. Burger Factory

======================================================
32. Kunafa’s

======================================================
33. African Delight Cafe and Restaurant

======================================================
34. Bilal Halal Chicken & Pizza

======================================================
35. Sido Shawarma

======================================================
36. Capital Sweet And Samosa

======================================================
37. Taqueria Gus

======================================================
38. Johnny Custard

======================================================
39. Curry Kitchen + Falafel

======================================================
40. Tacorrito

======================================================
41. Kebab Pizza

======================================================
42. Bow Thai Restaurant

======================================================
43. Shawarma’s King

======================================================
44. Chopsticks Szechuan Chinese Restaurant

======================================================
45. Iqbal Halal Foods

======================================================
46. Hot Wok

======================================================
47. M Biryani House

======================================================
48. Falafel Jarash Halal

======================================================
49. Roti Roti Family Restaurant

======================================================
50. Hakka Wow

======================================================
51. King Of Fish N Chips

======================================================
52. Chamsine Halal Kitchen Dundas Street East

======================================================
53. Mr. Pizza

======================================================
54. Jalal Halal Meats

======================================================
55. Ram in the Rye

======================================================
56. Baitul Muqadus Halal Pizza & Kabab House

======================================================
57. Chicken Kitchen

======================================================
58. Iqbal Kebab

======================================================
59. Caribbean Cuisine Delights

======================================================
60. Popeyes Louisiana Kitchen

======================================================
61. Jamican

======================================================
62. Cafe Mirage Grill & Lounge

======================================================
63. Paramount Middle Eastern Kitchen

======================================================
64. 786 Halal Biryani House

======================================================
65. Popeyes Louisiana Kitchen

======================================================
66. JD’s Market and Halal Meat

======================================================
67. Al Madina Halal Pizza & Bakery

======================================================
68. Lazeez Shawarma

======================================================
69. Dundas Pizza

======================================================
70. Taste of Lebanon

======================================================
71. Noor Makkah

======================================================
72. The Underground

======================================================
73. PIO PIO Chicken

======================================================
74. Wrap & Grab

======================================================
75. Bubby’s New York Bagels

======================================================
76. Grodzinski Bakery

======================================================
77. Cafe Sheli

======================================================
78. Gusto Pizza

======================================================
79. La Scala Cuisine

======================================================
80. Faiz-e-laasani Grocery & Halal Meat

======================================================
81. Villa Madina - Eaton Centre

======================================================
82. Halal Meat

======================================================
83. Al-Mumtaz Butt Food

======================================================
84. Sunny Foodmart

======================================================
85. Chicken Cabana Halal Restaurant

======================================================
86. Boston Pizza

======================================================
87. Yousaf Halal Meat & Grocery

======================================================
88. Manilla Halal Meats

======================================================
89. Afghan Supermarket

======================================================
90. Al Madina Halal

======================================================
91. Eastern Halal Meat and Grocery

======================================================
92. Alwalaa Halal Meat & Groceries

======================================================
93. Kosher Grill

======================================================
94. My Zaidy’s Pizza

======================================================
95. Baraca Halal Variety

======================================================
96. Atiq’s Halal Meat & Grocery

======================================================
97. The Harvest Room

======================================================
98. Al Mubrak Halal Meat

======================================================
99. Al Shahbaa Halal Meat Market & Rest

======================================================
100. Barkah Halal Meat & Grocery

======================================================
101. Baksh Halal Meat

======================================================
102. Pizza King

======================================================
103. Buwe Halal Food

======================================================
104. Sef Halal Foods

======================================================
105. Alhamra Halal Meat Grocers

======================================================
106. Yousaf Halal Meat & Grocery

======================================================
107. A S Grocers & Halal Meat

======================================================
108. Alflah Grocery Halal Meat

======================================================
109. Amin Grocery and Halal Meat

======================================================
110. Al-Mustafa Halal Meat & Groceries

======================================================
111. Butt Grocery and Halal Meat

======================================================
112. Deena Halal Meat & Grocery

======================================================
113. Lucky Chinese Restaurant - Temp. CLOSED

======================================================

Restaurants removed (not valid):  113
Total restaurants part of this set:  598

TOTAL ITEMS PROCESSED: 485
