1. Chili Pepper House

======================================================
2. Mitra Canteen

======================================================
3. Green Lettuce Indian Style Chinese Restaurant

======================================================
4. Xin Jiang Delicious Food

======================================================
5. Fraserview Meats & Video Shop

======================================================
6. Richmond Halal Meat & Deli

======================================================
7. Pizza Art

======================================================
8. Donair Town

======================================================
9. Al Halal Meat & Seafood

======================================================
10. Mediterranean Halal Meats

======================================================
11. BahirSay Restaurant

======================================================
12. Hafiz Halal Meat

======================================================
13. Olympia Meats

======================================================
14. SKK

======================================================
15. Bada Bing

======================================================
16. Alfaraza Halal Meat & Seafood

======================================================
17. Al-Safa Halal Meat

======================================================
18. Anatolia

======================================================
19. Fiji Market

======================================================
20. Madina Halal Meat Market

======================================================
21. Joyce Way Food Market

======================================================

Restaurants removed (not valid):  21
Total restaurants part of this set:  129

TOTAL ITEMS PROCESSED: 108
