1. Bugra Uyghur Cuisine

======================================================
2. Shawarma Palace

======================================================
3. Golden Chicken

======================================================
4. Zaytoun

======================================================
5. Arabian Village Restaurant

======================================================
6. Peacock Indian Cuisine

======================================================
7. Cedarland Restaurant

======================================================
8. Fast Treats

======================================================
9. Alqamar

======================================================
10. Pizza Plus

======================================================
11. The Dog House

======================================================
12. Dearborn Halal Meat

======================================================
13. Lefty’s Cheesesteak

======================================================
14. Arabian Village Market

======================================================
15. Family Bakery

======================================================
16. Naples Pizza

======================================================
17. Caesar’s Coney Island

======================================================
18. Al Saad Meat Market

======================================================
19. Shah Poran Gerocery & Halal Meat

======================================================
20. Dearborn Fresh

======================================================
21. Sareini’s Pizzeria

======================================================
22. Sareini & Son Halal Meats

======================================================
23. Pizza Kitchen

======================================================
24. J T’s Pizza

======================================================
25. Papaya Food Market

======================================================
26. Algottis Grill - Temp. CLOSED

======================================================
27. Joe Muer Seafood - Temp. CLOSED

======================================================

Restaurants removed (not valid):  27
Total restaurants part of this set:  183

TOTAL ITEMS PROCESSED: 156
